SF:lib\domain\usecases\search_tv_series.dart
DA:9,1
DA:11,1
DA:12,2
LF:3
LH:3
end_of_record
SF:lib\domain\usecases\search_movies.dart
DA:9,1
DA:11,1
DA:12,2
LF:3
LH:3
end_of_record
SF:lib\presentation\bloc\movie\search_state.dart
DA:4,2
DA:5,1
DA:6,1
DA:16,2
DA:18,1
DA:19,2
DA:25,1
DA:27,1
DA:28,2
DA:33,0
DA:35,0
DA:36,0
LF:12
LH:9
end_of_record
SF:lib\presentation\bloc\movie\search_event.dart
DA:4,1
DA:9,1
DA:11,0
DA:12,0
LF:4
LH:2
end_of_record
SF:lib\presentation\bloc\movie\search_bloc.dart
DA:13,3
DA:14,2
DA:15,1
DA:17,2
DA:18,2
DA:20,1
DA:21,1
DA:22,3
DA:24,1
DA:25,1
DA:26,2
DA:28,0
DA:32,1
DA:36,1
DA:37,3
LF:15
LH:14
end_of_record
SF:lib\presentation\bloc\tv\search_event.dart
DA:4,1
DA:9,1
DA:11,0
DA:12,0
LF:4
LH:2
end_of_record
SF:lib\presentation\bloc\tv\search_state.dart
DA:4,2
DA:6,1
DA:7,1
DA:16,2
DA:18,1
DA:19,2
DA:24,1
DA:26,1
DA:27,2
DA:32,0
DA:34,0
DA:35,0
LF:12
LH:9
end_of_record
SF:lib\presentation\bloc\tv\search_bloc.dart
DA:11,3
DA:12,2
DA:13,1
DA:14,2
DA:15,2
DA:17,1
DA:18,1
DA:19,3
DA:21,1
DA:22,1
DA:23,2
DA:25,0
DA:29,1
DA:33,1
DA:34,3
LF:15
LH:14
end_of_record
