SF:lib\data\datasource\watchlist_local_data_source.dart
DA:16,1
DA:18,1
DA:21,2
DA:24,2
DA:28,1
DA:31,2
DA:34,2
DA:38,1
DA:40,2
DA:42,1
DA:48,1
DA:50,2
DA:51,4
LF:13
LH:13
end_of_record
SF:lib\data\models\watchlist_table.dart
DA:11,8
DA:19,2
DA:20,1
DA:21,1
DA:22,1
DA:23,1
DA:24,1
DA:27,2
DA:28,1
DA:29,1
DA:30,1
DA:31,1
DA:32,1
DA:35,0
DA:36,0
DA:37,0
DA:38,0
DA:39,0
DA:40,0
DA:43,2
DA:44,1
DA:45,1
DA:46,1
DA:47,1
DA:48,1
DA:51,2
DA:52,12
LF:27
LH:21
end_of_record
SF:lib\domain\entities\watchlist.dart
DA:4,5
DA:18,2
DA:19,10
LF:3
LH:3
end_of_record
SF:lib\data\datasource\db\database_helper.dart
DA:7,0
DA:11,0
DA:15,0
DA:16,0
DA:22,0
DA:23,0
DA:24,0
DA:26,0
DA:29,0
DA:34,0
DA:35,0
DA:43,0
DA:46,0
DA:47,0
DA:48,0
DA:51,0
DA:52,0
DA:53,0
DA:56,0
DA:60,0
DA:61,0
DA:62,0
DA:65,0
DA:68,0
DA:69,0
DA:75,0
DA:76,0
DA:77,0
LF:28
LH:0
end_of_record
SF:lib\data\repository\watchlist_repository_impl.dart
DA:10,1
DA:12,1
DA:15,1
DA:16,2
DA:17,1
DA:18,1
DA:19,3
DA:25,1
DA:28,1
DA:29,2
DA:30,1
DA:31,1
DA:32,3
DA:36,1
DA:38,2
DA:42,1
DA:44,2
DA:45,5
LF:18
LH:18
end_of_record
SF:lib\domain\usecases\get_watchlist.dart
DA:9,1
DA:11,1
DA:12,2
LF:3
LH:3
end_of_record
SF:lib\domain\usecases\get_watchlist_status.dart
DA:6,1
DA:8,1
DA:9,2
LF:3
LH:3
end_of_record
SF:lib\domain\usecases\remove_watchlist.dart
DA:9,1
DA:11,1
DA:12,2
LF:3
LH:3
end_of_record
SF:lib\domain\usecases\save_watchlist.dart
DA:9,1
DA:11,1
DA:12,2
LF:3
LH:3
end_of_record
SF:lib\presentation\bloc\watchlist\watchlist_state.dart
DA:12,7
DA:20,1
DA:27,1
DA:28,1
DA:30,1
DA:31,1
DA:32,1
DA:33,1
DA:37,1
DA:38,1
DA:39,1
DA:40,1
DA:41,1
DA:42,1
DA:43,1
LF:15
LH:15
end_of_record
SF:lib\presentation\bloc\watchlist\watchlist_cubit.dart
DA:14,1
DA:19,1
DA:21,1
DA:22,3
DA:23,2
DA:24,1
DA:25,0
DA:26,4
DA:30,1
DA:31,2
DA:32,1
DA:33,0
DA:34,4
DA:37,2
DA:40,1
DA:41,2
DA:42,1
DA:43,0
DA:44,4
DA:47,2
DA:50,1
DA:51,2
DA:52,3
LF:23
LH:20
end_of_record
